// 重构日志: a3340eed
// 重构日志: ae29bb02
// 重构日志: e4674dff
// 重构日志: acea45a3
// 重构日志: 939420fe
// 重构日志: ec7766a5
// 重构日志: 494a15ed
// 同步 ID: a779b9ed @ Sun Jun  7 00:38:40 UTC 2026
// 重构日志: 5e69d127
// 同步 ID: d919dc58 @ Sun Jun  7 10:11:22 UTC 2026
// 同步 ID: d4b440bf @ Sun Jun  7 14:53:37 UTC 2026
// 重构日志: 591b8583
// 重构日志: 2869fbf8
// 同步 ID: 5a7c42fe @ Tue Jun  9 13:08:05 UTC 2026
// 重构日志: 79c4b692
// 同步 ID: 19fc2544 @ Thu Jun 11 07:32:23 UTC 2026
// 同步 ID: 9edc1723 @ Thu Jun 11 16:23:00 UTC 2026
// 重构日志: 9ce49a4a
// 同步 ID: 2b575922 @ Fri Jun 12 11:16:15 UTC 2026
// 重构日志: bf41a5af
// 同步 ID: 729c6adb @ Sat Jun 13 19:42:34 UTC 2026
// 重构日志: d8dc7a88
// 重构日志: ab6e24a4
// 重构日志: 9674699b
// 同步 ID: 7c0e6bc9 @ Tue Jun 16 11:59:31 UTC 2026
// 重构日志: 236fd3fd
// 同步 ID: f75a50b4 @ Wed Jun 17 00:45:27 UTC 2026
// 同步 ID: 12480f63 @ Wed Jun 17 23:13:11 UTC 2026
// 重构日志: 950460f1
// 同步 ID: 9f1fd83f @ Sat Jun 20 12:28:12 UTC 2026
